0 info it worked if it ends with ok
1 verbose cli [ '/usr/local/Cellar/node/5.8.0/bin/node',
1 verbose cli   '/usr/local/bin/npm',
1 verbose cli   'install',
1 verbose cli   '-',
1 verbose cli   'mocha' ]
2 info using npm@3.7.3
3 info using node@v5.8.0
4 silly loadCurrentTree Starting
5 silly install loadCurrentTree
6 silly install readLocalPackageData
7 silly fetchPackageMetaData -
8 silly fetchPackageMetaData mocha@^2.3.3
9 silly fetchNamedPackageData mocha
10 silly mapToRegistry name mocha
11 silly mapToRegistry using default registry
12 silly mapToRegistry registry https://registry.npmjs.org/
13 silly mapToRegistry uri https://registry.npmjs.org/mocha
14 silly fetchOtherPackageData -
15 silly cache add args [ '-', null ]
16 verbose cache add spec -
17 silly cache add parsed spec Result {
17 silly cache add   raw: '-',
17 silly cache add   scope: null,
17 silly cache add   name: null,
17 silly cache add   rawSpec: '-',
17 silly cache add   spec: '/Users/marceloleon/wdi/test-driven-todo-api/-',
17 silly cache add   type: 'local' }
18 error addLocal Could not install /Users/marceloleon/wdi/test-driven-todo-api/-
19 silly fetchPackageMetaData Error: ENOENT: no such file or directory, open '/Users/marceloleon/wdi/test-driven-todo-api/-'
19 silly fetchPackageMetaData     at Error (native)
19 silly fetchPackageMetaData  error for - { [Error: ENOENT: no such file or directory, open '/Users/marceloleon/wdi/test-driven-todo-api/-']
19 silly fetchPackageMetaData   errno: -2,
19 silly fetchPackageMetaData   code: 'ENOENT',
19 silly fetchPackageMetaData   syscall: 'open',
19 silly fetchPackageMetaData   path: '/Users/marceloleon/wdi/test-driven-todo-api/-' }
20 verbose request uri https://registry.npmjs.org/mocha
21 verbose request no auth needed
22 info attempt registry request try #1 at 5:40:48 PM
23 verbose request id e0d36e315ec65c25
24 verbose etag "6XGJI6B2B2S9WLQJQ5RSGVV5Y"
25 http request GET https://registry.npmjs.org/mocha
26 http 304 https://registry.npmjs.org/mocha
27 verbose headers { date: 'Wed, 30 Mar 2016 00:40:48 GMT',
27 verbose headers   via: '1.1 varnish',
27 verbose headers   'cache-control': 'max-age=300',
27 verbose headers   etag: '"6XGJI6B2B2S9WLQJQ5RSGVV5Y"',
27 verbose headers   age: '11',
27 verbose headers   connection: 'keep-alive',
27 verbose headers   'x-served-by': 'cache-jfk1046-JFK',
27 verbose headers   'x-cache': 'HIT',
27 verbose headers   'x-cache-hits': '1',
27 verbose headers   'x-timer': 'S1459298448.788299,VS0,VE0',
27 verbose headers   vary: 'Accept' }
28 silly get cb [ 304,
28 silly get   { date: 'Wed, 30 Mar 2016 00:40:48 GMT',
28 silly get     via: '1.1 varnish',
28 silly get     'cache-control': 'max-age=300',
28 silly get     etag: '"6XGJI6B2B2S9WLQJQ5RSGVV5Y"',
28 silly get     age: '11',
28 silly get     connection: 'keep-alive',
28 silly get     'x-served-by': 'cache-jfk1046-JFK',
28 silly get     'x-cache': 'HIT',
28 silly get     'x-cache-hits': '1',
28 silly get     'x-timer': 'S1459298448.788299,VS0,VE0',
28 silly get     vary: 'Accept' } ]
29 verbose etag https://registry.npmjs.org/mocha from cache
30 verbose get saving mocha to /Users/marceloleon/.npm/registry.npmjs.org/mocha/.cache.json
31 verbose correctMkdir /Users/marceloleon/.npm correctMkdir not in flight; initializing
32 silly rollbackFailedOptional Starting
33 silly rollbackFailedOptional Finishing
34 silly runTopLevelLifecycles Starting
35 silly runTopLevelLifecycles Finishing
36 silly install printInstalled
37 verbose stack Error: ENOENT: no such file or directory, open '/Users/marceloleon/wdi/test-driven-todo-api/-'
37 verbose stack     at Error (native)
38 verbose cwd /Users/marceloleon/wdi/test-driven-todo-api
39 error Darwin 15.3.0
40 error argv "/usr/local/Cellar/node/5.8.0/bin/node" "/usr/local/bin/npm" "install" "-" "mocha"
41 error node v5.8.0
42 error npm  v3.7.3
43 error path /Users/marceloleon/wdi/test-driven-todo-api/-
44 error code ENOENT
45 error errno -2
46 error syscall open
47 error enoent ENOENT: no such file or directory, open '/Users/marceloleon/wdi/test-driven-todo-api/-'
48 error enoent ENOENT: no such file or directory, open '/Users/marceloleon/wdi/test-driven-todo-api/-'
48 error enoent This is most likely not a problem with npm itself
48 error enoent and is related to npm not being able to find a file.
49 verbose exit [ -2, true ]
